2025-01-01 14:48:24 - INFO - Application Started
2025-01-01 14:48:24 - WARNING - Settings file not found, using default values.
2025-01-01 14:48:29 - INFO - Settings saved successfully.
2025-01-01 14:48:29 - INFO - Application closing.
2025-01-01 14:50:14 - INFO - Application Started
2025-01-01 14:51:54 - INFO - Application Started
2025-01-01 14:51:54 - INFO - Settings loaded successfully.
2025-01-01 14:52:02 - INFO - Settings saved successfully.
2025-01-01 14:52:02 - INFO - Application closing.
2025-01-01 14:52:03 - INFO - Application Started
2025-01-01 14:52:03 - INFO - Settings loaded successfully.
2025-01-01 14:52:27 - INFO - Selecting directory: epic soul
2025-01-01 14:52:27 - INFO - Processed directory: epic soul, found 17 images.
2025-01-01 14:52:32 - INFO - Finished selecting directories.
2025-01-01 14:52:58 - INFO - Suggesting parameters...
2025-01-01 14:52:58 - INFO - Using batch size: 4
2025-01-01 14:52:58 - INFO - Suggested parameters for folder: epic soul (17 images), Images: 17, num_repeats: 10, dataset_repeats: 8, max_train_epochs: 10, total_steps: 3400
2025-01-01 14:53:05 - INFO - Finished selecting directories.
2025-01-01 14:53:06 - INFO - Suggesting parameters...
2025-01-01 14:53:06 - INFO - Using batch size: 4
2025-01-01 14:53:06 - INFO - Suggested parameters for folder: epic soul (17 images), Images: 17, num_repeats: 10, dataset_repeats: 8, max_train_epochs: 10, total_steps: 3400
2025-01-01 14:53:07 - INFO - Suggesting parameters...
2025-01-01 14:53:07 - INFO - Using batch size: 4
2025-01-01 14:53:07 - INFO - Suggested parameters for folder: epic soul (17 images), Images: 17, num_repeats: 10, dataset_repeats: 8, max_train_epochs: 10, total_steps: 3400
2025-01-01 14:53:07 - INFO - Suggesting parameters...
2025-01-01 14:53:07 - INFO - Using batch size: 4
2025-01-01 14:53:07 - INFO - Suggested parameters for folder: epic soul (17 images), Images: 17, num_repeats: 10, dataset_repeats: 8, max_train_epochs: 10, total_steps: 3400
2025-01-01 14:53:07 - INFO - Suggesting parameters...
2025-01-01 14:53:07 - INFO - Using batch size: 4
2025-01-01 14:53:07 - INFO - Suggested parameters for folder: epic soul (17 images), Images: 17, num_repeats: 10, dataset_repeats: 8, max_train_epochs: 10, total_steps: 3400
2025-01-01 14:53:07 - INFO - Suggesting parameters...
2025-01-01 14:53:07 - INFO - Using batch size: 4
2025-01-01 14:53:07 - INFO - Suggested parameters for folder: epic soul (17 images), Images: 17, num_repeats: 10, dataset_repeats: 8, max_train_epochs: 10, total_steps: 3400
2025-01-01 14:53:58 - INFO - Application Started
2025-01-01 14:53:58 - INFO - Settings loaded successfully.
2025-01-01 14:54:03 - INFO - Settings saved successfully.
2025-01-01 14:54:03 - INFO - Application closing.
2025-01-01 14:56:04 - INFO - Application Started
2025-01-01 14:56:04 - INFO - Settings loaded successfully.
2025-01-01 14:56:21 - INFO - Settings saved successfully.
2025-01-01 14:56:21 - INFO - Application closing.
2025-01-01 14:59:37 - INFO - Application Started
2025-01-01 14:59:37 - INFO - Settings loaded successfully.
2025-01-01 14:59:43 - INFO - Settings set to default values
2025-01-01 14:59:53 - INFO - Settings saved successfully.
2025-01-01 14:59:53 - INFO - Application closing.
2025-01-01 15:00:08 - INFO - Application Started
2025-01-01 15:00:08 - INFO - Settings loaded successfully.
2025-01-01 15:00:10 - INFO - Settings saved successfully.
2025-01-01 15:00:10 - INFO - Application closing.
2025-01-01 15:02:33 - INFO - Application Started
2025-01-01 15:02:33 - INFO - Settings loaded successfully.
2025-01-01 15:02:38 - INFO - Settings set to default values
2025-01-01 15:02:39 - INFO - Settings saved successfully.
2025-01-01 15:02:39 - INFO - Application closing.
2025-01-01 15:02:42 - INFO - Application Started
2025-01-01 15:02:42 - INFO - Settings loaded successfully.
2025-01-01 15:02:50 - INFO - Settings set to default values
2025-01-01 15:02:51 - INFO - Settings set to default values
2025-01-01 15:02:51 - INFO - Settings saved successfully.
2025-01-01 15:02:51 - INFO - Application closing.
2025-01-01 15:05:22 - INFO - Application Started
2025-01-01 15:05:22 - INFO - Settings loaded successfully.
2025-01-01 15:05:26 - INFO - Settings set to default values
2025-01-01 15:05:27 - INFO - Settings saved successfully.
2025-01-01 15:05:27 - INFO - Application closing.
2025-01-01 15:06:16 - INFO - Application Started
2025-01-01 15:06:16 - INFO - Settings loaded successfully.
2025-01-01 15:06:18 - INFO - Settings set to default values
2025-01-01 15:06:32 - INFO - Selecting directory: epic soul
2025-01-01 15:06:32 - INFO - Processed directory: epic soul, found 17 images.
2025-01-01 15:06:43 - INFO - Finished selecting directories.
2025-01-01 15:06:44 - INFO - Suggesting parameters...
2025-01-01 15:06:44 - INFO - Using batch size: 4
2025-01-01 15:06:44 - INFO - Suggested parameters for folder: epic soul (17 images), Images: 17, num_repeats: 1, dataset_repeats: 1, max_train_epochs: 823, total_steps: 3497
2025-01-01 15:06:59 - INFO - Suggesting parameters...
2025-01-01 15:06:59 - INFO - Using batch size: 4
2025-01-01 15:06:59 - INFO - Suggested parameters for folder: epic soul (17 images), Images: 17, num_repeats: 1, dataset_repeats: 1, max_train_epochs: 823, total_steps: 3497
2025-01-01 15:07:00 - INFO - Finished selecting directories.
2025-01-01 15:07:01 - INFO - Suggesting parameters...
2025-01-01 15:07:01 - INFO - Using batch size: 4
2025-01-01 15:07:01 - INFO - Suggested parameters for folder: epic soul (17 images), Images: 17, num_repeats: 1, dataset_repeats: 1, max_train_epochs: 823, total_steps: 3497
2025-01-01 15:07:05 - INFO - Settings set to default values
2025-01-01 15:07:10 - INFO - Selecting directory: epic soul
2025-01-01 15:07:10 - INFO - Processed directory: epic soul, found 17 images.
2025-01-01 15:07:13 - INFO - Finished selecting directories.
2025-01-01 15:07:13 - INFO - Suggesting parameters...
2025-01-01 15:07:13 - INFO - Using batch size: 4
2025-01-01 15:07:13 - INFO - Suggested parameters for folder: epic soul (17 images) (17 images), Images: 17, num_repeats: 1, dataset_repeats: 1, max_train_epochs: 823, total_steps: 3497
2025-01-01 15:07:13 - INFO - Suggested parameters for folder: epic soul (17 images), Images: 17, num_repeats: 1, dataset_repeats: 1, max_train_epochs: 823, total_steps: 3497
2025-01-01 15:07:18 - INFO - Settings saved successfully.
2025-01-01 15:07:18 - INFO - Application closing.
2025-01-01 15:10:07 - INFO - Application Started
2025-01-01 15:10:07 - INFO - Settings loaded successfully.
2025-01-01 15:10:21 - INFO - Selecting directory: epic soul
2025-01-01 15:10:21 - INFO - Processed directory: epic soul, found 17 images.
2025-01-01 15:10:22 - INFO - Finished selecting directories.
2025-01-01 15:10:22 - INFO - Suggesting parameters...
2025-01-01 15:10:22 - INFO - Using batch size: 4
2025-01-01 15:10:22 - INFO - LoRA type: Character LoRA
2025-01-01 15:10:22 - INFO - Suggested parameters for folder: epic soul (17 images), Images: 17, num_repeats: 10, dataset_repeats: 8, max_train_epochs: 10, total_steps: 3400
2025-01-01 15:10:33 - INFO - Settings saved successfully.
2025-01-01 15:10:33 - INFO - Application closing.
2025-01-01 15:14:07 - INFO - Application Started
2025-01-01 15:14:07 - INFO - Settings loaded successfully.
2025-01-01 15:14:19 - INFO - Selecting directory: banana
2025-01-01 15:14:19 - INFO - Processed directory: banana, found 15 images.
2025-01-01 15:14:21 - INFO - Finished selecting directories.
2025-01-01 15:14:30 - INFO - Suggesting parameters...
2025-01-01 15:14:30 - INFO - Using batch size: 4
2025-01-01 15:14:30 - INFO - LoRA type: Character LoRA
2025-01-01 15:14:30 - WARNING - Could not find a epochs factor to meet the target steps.
2025-01-01 15:14:30 - INFO - Suggested parameters for folder: banana (15 images), Images: 15, num_repeats: 60, dataset_repeats: 10, max_train_epochs: 10, total_steps: 22500
2025-01-01 15:14:37 - INFO - Settings saved successfully.
2025-01-01 15:14:37 - INFO - Application closing.
2025-01-01 15:16:47 - INFO - Application Started
2025-01-01 15:16:47 - INFO - Settings loaded successfully.
2025-01-01 15:17:31 - INFO - Settings set to default values
2025-01-01 15:17:35 - INFO - Selecting directory: banana
2025-01-01 15:17:35 - INFO - Processed directory: banana, found 15 images.
2025-01-01 15:17:37 - INFO - Finished selecting directories.
2025-01-01 15:17:38 - INFO - Suggesting parameters...
2025-01-01 15:17:38 - INFO - Using batch size: 4
2025-01-01 15:17:38 - INFO - LoRA type: Character LoRA
2025-01-01 15:17:38 - WARNING - Could not find a epochs factor to meet the target steps.
2025-01-01 15:17:38 - INFO - Suggested parameters for folder: banana (15 images), Images: 15, num_repeats: 60, dataset_repeats: 10, max_train_epochs: 10, total_steps: 22500
2025-01-01 15:17:55 - INFO - Settings saved successfully.
2025-01-01 15:17:55 - INFO - Application closing.
